<?xml version="1.0"?>
<!DOCTYPE coverage SYSTEM "http://cobertura.sourceforge.net/xml/coverage-04.dtd">

<coverage line-rate="1.0" branch-rate="1.0" lines-covered="82" lines-valid="82" branches-covered="16" branches-valid="16" complexity="2.6666666666666665" version="2.0.3" timestamp="1557654363289">
	<sources>
		<source>D:/Users/Raul Medeiros/Documentos/Master_UM/2.Cuatri/CALSO/calculator/src/main/java</source>
		<source>--source</source>
	</sources>
	<packages>
		<package name="es.um.calso.calculator.exeception" line-rate="1.0" branch-rate="1.0" complexity="1.0">
			<classes>
				<class name="es.um.calso.calculator.exeception.NonDivisionByZeroExeption" filename="es/um/calso/calculator/exeception/NonDivisionByZeroExeption.java" line-rate="1.0" branch-rate="1.0" complexity="1.0">
					<methods>
						<method name="&lt;init&gt;" signature="(Ljava/lang/String;)V" line-rate="1.0" branch-rate="1.0">
							<lines>
								<line number="11" hits="2" branch="false"/>
								<line number="12" hits="2" branch="false"/>
							</lines>
						</method>
					</methods>
					<lines>
						<line number="11" hits="2" branch="false"/>
						<line number="12" hits="2" branch="false"/>
					</lines>
				</class>
			</classes>
		</package>
		<package name="es.um.calso.calculator.main" line-rate="1.0" branch-rate="1.0" complexity="2.875">
			<classes>
				<class name="es.um.calso.calculator.main.Calculator" filename="es/um/calso/calculator/main/Calculator.java" line-rate="1.0" branch-rate="1.0" complexity="10.0">
					<methods>
						<method name="&lt;init&gt;" signature="()V" line-rate="1.0" branch-rate="1.0">
							<lines>
								<line number="7" hits="1" branch="false"/>
							</lines>
						</method>
						<method name="main" signature="([Ljava/lang/String;)V" line-rate="1.0" branch-rate="1.0">
							<lines>
								<line number="10" hits="9" branch="false"/>
								<line number="11" hits="9" branch="false"/>
								<line number="13" hits="9" branch="false"/>
								<line number="14" hits="26" branch="true" condition-coverage="100% (2/2)">
									<conditions>
										<condition number="0" type="jump" coverage="100%"/>
									</conditions>
								</line>
								<line number="15" hits="17" branch="false"/>
								<line number="16" hits="17" branch="false"/>
								<line number="17" hits="17" branch="false"/>
								<line number="18" hits="17" branch="false"/>
								<line number="19" hits="17" branch="false"/>
								<line number="20" hits="17" branch="false"/>
								<line number="21" hits="17" branch="false"/>
								<line number="22" hits="17" branch="false"/>
								<line number="23" hits="17" branch="false"/>
								<line number="24" hits="17" branch="true" condition-coverage="100% (8/8)">
									<conditions>
										<condition number="0" type="switch" coverage="100%"/>
									</conditions>
								</line>
								<line number="26" hits="1" branch="false"/>
								<line number="27" hits="1" branch="false"/>
								<line number="28" hits="1" branch="false"/>
								<line number="29" hits="1" branch="false"/>
								<line number="30" hits="1" branch="false"/>
								<line number="31" hits="1" branch="false"/>
								<line number="32" hits="1" branch="false"/>
								<line number="34" hits="1" branch="false"/>
								<line number="35" hits="1" branch="false"/>
								<line number="36" hits="1" branch="false"/>
								<line number="37" hits="1" branch="false"/>
								<line number="38" hits="1" branch="false"/>
								<line number="39" hits="1" branch="false"/>
								<line number="40" hits="1" branch="false"/>
								<line number="42" hits="2" branch="false"/>
								<line number="43" hits="2" branch="false"/>
								<line number="44" hits="2" branch="false"/>
								<line number="45" hits="2" branch="false"/>
								<line number="47" hits="2" branch="false"/>
								<line number="48" hits="1" branch="false"/>
								<line number="49" hits="1" branch="false"/>
								<line number="50" hits="1" branch="false"/>
								<line number="51" hits="1" branch="false"/>
								<line number="52" hits="1" branch="false"/>
								<line number="54" hits="1" branch="false"/>
								<line number="55" hits="1" branch="false"/>
								<line number="56" hits="1" branch="false"/>
								<line number="57" hits="1" branch="false"/>
								<line number="58" hits="1" branch="false"/>
								<line number="59" hits="1" branch="false"/>
								<line number="60" hits="1" branch="false"/>
								<line number="62" hits="1" branch="false"/>
								<line number="63" hits="1" branch="false"/>
								<line number="64" hits="1" branch="false"/>
								<line number="65" hits="1" branch="false"/>
								<line number="66" hits="1" branch="false"/>
								<line number="67" hits="1" branch="false"/>
								<line number="68" hits="1" branch="false"/>
								<line number="70" hits="1" branch="false"/>
								<line number="71" hits="1" branch="false"/>
								<line number="72" hits="1" branch="false"/>
								<line number="73" hits="1" branch="false"/>
								<line number="74" hits="1" branch="false"/>
								<line number="75" hits="1" branch="false"/>
								<line number="76" hits="1" branch="false"/>
								<line number="78" hits="9" branch="false"/>
								<line number="79" hits="9" branch="false"/>
								<line number="81" hits="1" branch="false"/>
								<line number="82" hits="1" branch="false"/>
								<line number="86" hits="9" branch="false"/>
								<line number="87" hits="9" branch="false"/>
							</lines>
						</method>
					</methods>
					<lines>
						<line number="7" hits="1" branch="false"/>
						<line number="10" hits="9" branch="false"/>
						<line number="11" hits="9" branch="false"/>
						<line number="13" hits="9" branch="false"/>
						<line number="14" hits="26" branch="true" condition-coverage="100% (2/2)">
							<conditions>
								<condition number="0" type="jump" coverage="100%"/>
							</conditions>
						</line>
						<line number="15" hits="17" branch="false"/>
						<line number="16" hits="17" branch="false"/>
						<line number="17" hits="17" branch="false"/>
						<line number="18" hits="17" branch="false"/>
						<line number="19" hits="17" branch="false"/>
						<line number="20" hits="17" branch="false"/>
						<line number="21" hits="17" branch="false"/>
						<line number="22" hits="17" branch="false"/>
						<line number="23" hits="17" branch="false"/>
						<line number="24" hits="17" branch="true" condition-coverage="100% (8/8)">
							<conditions>
								<condition number="0" type="switch" coverage="100%"/>
							</conditions>
						</line>
						<line number="26" hits="1" branch="false"/>
						<line number="27" hits="1" branch="false"/>
						<line number="28" hits="1" branch="false"/>
						<line number="29" hits="1" branch="false"/>
						<line number="30" hits="1" branch="false"/>
						<line number="31" hits="1" branch="false"/>
						<line number="32" hits="1" branch="false"/>
						<line number="34" hits="1" branch="false"/>
						<line number="35" hits="1" branch="false"/>
						<line number="36" hits="1" branch="false"/>
						<line number="37" hits="1" branch="false"/>
						<line number="38" hits="1" branch="false"/>
						<line number="39" hits="1" branch="false"/>
						<line number="40" hits="1" branch="false"/>
						<line number="42" hits="2" branch="false"/>
						<line number="43" hits="2" branch="false"/>
						<line number="44" hits="2" branch="false"/>
						<line number="45" hits="2" branch="false"/>
						<line number="47" hits="2" branch="false"/>
						<line number="48" hits="1" branch="false"/>
						<line number="49" hits="1" branch="false"/>
						<line number="50" hits="1" branch="false"/>
						<line number="51" hits="1" branch="false"/>
						<line number="52" hits="1" branch="false"/>
						<line number="54" hits="1" branch="false"/>
						<line number="55" hits="1" branch="false"/>
						<line number="56" hits="1" branch="false"/>
						<line number="57" hits="1" branch="false"/>
						<line number="58" hits="1" branch="false"/>
						<line number="59" hits="1" branch="false"/>
						<line number="60" hits="1" branch="false"/>
						<line number="62" hits="1" branch="false"/>
						<line number="63" hits="1" branch="false"/>
						<line number="64" hits="1" branch="false"/>
						<line number="65" hits="1" branch="false"/>
						<line number="66" hits="1" branch="false"/>
						<line number="67" hits="1" branch="false"/>
						<line number="68" hits="1" branch="false"/>
						<line number="70" hits="1" branch="false"/>
						<line number="71" hits="1" branch="false"/>
						<line number="72" hits="1" branch="false"/>
						<line number="73" hits="1" branch="false"/>
						<line number="74" hits="1" branch="false"/>
						<line number="75" hits="1" branch="false"/>
						<line number="76" hits="1" branch="false"/>
						<line number="78" hits="9" branch="false"/>
						<line number="79" hits="9" branch="false"/>
						<line number="81" hits="1" branch="false"/>
						<line number="82" hits="1" branch="false"/>
						<line number="86" hits="9" branch="false"/>
						<line number="87" hits="9" branch="false"/>
					</lines>
				</class>
				<class name="es.um.calso.calculator.main.Operations" filename="es/um/calso/calculator/main/Operations.java" line-rate="1.0" branch-rate="1.0" complexity="1.8571428571428572">
					<methods>
						<method name="&lt;init&gt;" signature="()V" line-rate="1.0" branch-rate="1.0">
							<lines>
								<line number="7" hits="15" branch="false"/>
								<line number="8" hits="15" branch="false"/>
							</lines>
						</method>
						<method name="addition" signature="(II)I" line-rate="1.0" branch-rate="1.0">
							<lines>
								<line number="19" hits="4" branch="false"/>
							</lines>
						</method>
						<method name="biggest" signature="(II)I" line-rate="1.0" branch-rate="1.0">
							<lines>
								<line number="74" hits="3" branch="true" condition-coverage="100% (2/2)">
									<conditions>
										<condition number="0" type="jump" coverage="100%"/>
									</conditions>
								</line>
								<line number="75" hits="1" branch="false"/>
								<line number="77" hits="2" branch="false"/>
							</lines>
						</method>
						<method name="division" signature="(II)I" line-rate="1.0" branch-rate="1.0">
							<lines>
								<line number="45" hits="4" branch="true" condition-coverage="100% (2/2)">
									<conditions>
										<condition number="0" type="jump" coverage="100%"/>
									</conditions>
								</line>
								<line number="46" hits="2" branch="false"/>
								<line number="48" hits="2" branch="false"/>
							</lines>
						</method>
						<method name="multiplication" signature="(II)I" line-rate="1.0" branch-rate="1.0">
							<lines>
								<line number="61" hits="4" branch="false"/>
							</lines>
						</method>
						<method name="smallest" signature="(II)I" line-rate="1.0" branch-rate="1.0">
							<lines>
								<line number="89" hits="2" branch="true" condition-coverage="100% (2/2)">
									<conditions>
										<condition number="0" type="jump" coverage="100%"/>
									</conditions>
								</line>
								<line number="90" hits="1" branch="false"/>
								<line number="92" hits="1" branch="false"/>
							</lines>
						</method>
						<method name="substraction" signature="(II)I" line-rate="1.0" branch-rate="1.0">
							<lines>
								<line number="31" hits="3" branch="false"/>
							</lines>
						</method>
					</methods>
					<lines>
						<line number="7" hits="15" branch="false"/>
						<line number="8" hits="15" branch="false"/>
						<line number="19" hits="4" branch="false"/>
						<line number="31" hits="3" branch="false"/>
						<line number="45" hits="4" branch="true" condition-coverage="100% (2/2)">
							<conditions>
								<condition number="0" type="jump" coverage="100%"/>
							</conditions>
						</line>
						<line number="46" hits="2" branch="false"/>
						<line number="48" hits="2" branch="false"/>
						<line number="61" hits="4" branch="false"/>
						<line number="74" hits="3" branch="true" condition-coverage="100% (2/2)">
							<conditions>
								<condition number="0" type="jump" coverage="100%"/>
							</conditions>
						</line>
						<line number="75" hits="1" branch="false"/>
						<line number="77" hits="2" branch="false"/>
						<line number="89" hits="2" branch="true" condition-coverage="100% (2/2)">
							<conditions>
								<condition number="0" type="jump" coverage="100%"/>
							</conditions>
						</line>
						<line number="90" hits="1" branch="false"/>
						<line number="92" hits="1" branch="false"/>
					</lines>
				</class>
			</classes>
		</package>
	</packages>
</coverage>
